TN:
SF:src\atoms\parkingSpace.tsx
FNF:0
FNH:0
DA:1,4
DA:3,4
LF:2
LH:2
BRF:0
BRH:0
end_of_record
TN:
SF:src\atoms\parkingState.tsx
FN:13,(anonymous_0)
FN:15,(anonymous_1)
FNF:2
FNH:2
FNDA:3,(anonymous_0)
FNDA:10,(anonymous_1)
DA:1,3
DA:2,3
DA:11,3
DA:14,3
DA:15,10
DA:24,3
LF:6
LH:6
BRF:0
BRH:0
end_of_record
TN:
SF:src\components\homepage.tsx
FN:8,(anonymous_0)
FN:12,(anonymous_1)
FN:17,(anonymous_2)
FNF:3
FNH:3
FNDA:3,(anonymous_0)
FNDA:1,(anonymous_1)
FNDA:1,(anonymous_2)
DA:2,1
DA:3,1
DA:4,1
DA:5,1
DA:8,1
DA:9,3
DA:10,3
DA:12,3
DA:13,1
DA:17,3
DA:18,1
DA:20,1
DA:24,3
DA:49,1
LF:14
LH:14
BRF:0
BRH:0
end_of_record
TN:
SF:src\components\parkSpace.tsx
FN:11,(anonymous_0)
FN:16,(anonymous_1)
FNF:2
FNH:1
FNDA:21,(anonymous_0)
FNDA:0,(anonymous_1)
DA:2,2
DA:3,2
DA:4,2
DA:5,2
DA:11,2
DA:12,21
DA:13,21
DA:14,21
DA:16,21
DA:17,0
DA:18,0
DA:21,21
DA:28,2
LF:13
LH:11
BRDA:23,0,0,0
BRDA:23,0,1,21
BRF:2
BRH:1
end_of_record
TN:
SF:src\components\parkingLot.tsx
FN:8,(anonymous_0)
FN:15,(anonymous_1)
FN:16,(anonymous_2)
FN:33,(anonymous_3)
FN:36,(anonymous_4)
FNF:5
FNH:5
FNDA:3,(anonymous_0)
FNDA:1,(anonymous_1)
FNDA:10,(anonymous_2)
FNDA:4,(anonymous_3)
FNDA:20,(anonymous_4)
DA:2,1
DA:3,1
DA:4,1
DA:5,1
DA:6,1
DA:8,1
DA:9,3
DA:10,3
DA:11,3
DA:12,3
DA:15,3
DA:16,10
DA:18,1
DA:19,0
DA:22,1
DA:23,1
DA:25,1
DA:26,1
DA:29,3
DA:34,4
DA:37,20
DA:51,1
LF:22
LH:21
BRDA:18,0,0,0
BRF:1
BRH:0
end_of_record
TN:
SF:src\components\register.tsx
FN:8,(anonymous_0)
FN:17,(anonymous_1)
FN:22,(anonymous_2)
FN:24,(anonymous_3)
FN:25,(anonymous_4)
FN:44,(anonymous_5)
FN:59,(anonymous_6)
FNF:7
FNH:6
FNDA:7,(anonymous_0)
FNDA:1,(anonymous_1)
FNDA:1,(anonymous_2)
FNDA:1,(anonymous_3)
FNDA:0,(anonymous_4)
FNDA:1,(anonymous_5)
FNDA:1,(anonymous_6)
DA:1,1
DA:2,1
DA:3,1
DA:4,1
DA:5,1
DA:6,1
DA:8,1
DA:9,7
DA:10,7
DA:11,7
DA:12,7
DA:13,7
DA:15,7
DA:17,7
DA:18,1
DA:19,1
DA:22,7
DA:24,1
DA:25,1
DA:26,0
DA:27,0
DA:34,0
DA:39,1
DA:42,7
DA:44,1
DA:59,1
DA:83,1
LF:27
LH:24
BRDA:26,0,0,0
BRDA:26,0,1,0
BRDA:76,1,0,7
BRDA:76,1,1,3
BRF:4
BRH:2
end_of_record
