TN:
SF:src\atoms\parkingSpace.tsx
FNF:0
FNH:0
DA:1,1
DA:3,1
LF:2
LH:2
BRF:0
BRH:0
end_of_record
TN:
SF:src\atoms\parkingState.tsx
FN:13,(anonymous_0)
FN:15,(anonymous_1)
FNF:2
FNH:0
FNDA:0,(anonymous_0)
FNDA:0,(anonymous_1)
DA:1,1
DA:2,1
DA:11,1
DA:14,0
DA:15,0
DA:24,1
LF:6
LH:4
BRF:0
BRH:0
end_of_record
TN:
SF:src\components\car.tsx
FN:12,(anonymous_0)
FN:37,(anonymous_1)
FN:44,(anonymous_2)
FN:45,(anonymous_3)
FN:46,(anonymous_4)
FN:63,(anonymous_5)
FN:70,(anonymous_6)
FN:73,(anonymous_7)
FN:88,(anonymous_8)
FN:94,(anonymous_9)
FNF:10
FNH:3
FNDA:1,(anonymous_0)
FNDA:0,(anonymous_1)
FNDA:0,(anonymous_2)
FNDA:0,(anonymous_3)
FNDA:0,(anonymous_4)
FNDA:0,(anonymous_5)
FNDA:1,(anonymous_6)
FNDA:0,(anonymous_7)
FNDA:1,(anonymous_8)
FNDA:0,(anonymous_9)
DA:1,1
DA:2,1
DA:3,1
DA:4,1
DA:5,1
DA:6,1
DA:12,1
DA:13,1
DA:14,1
DA:15,1
DA:16,1
DA:17,1
DA:18,1
DA:19,1
DA:20,1
DA:21,1
DA:37,1
DA:38,0
DA:44,1
DA:45,0
DA:46,0
DA:47,0
DA:48,0
DA:55,0
DA:59,0
DA:60,0
DA:63,1
DA:64,0
DA:65,0
DA:66,0
DA:67,0
DA:70,1
DA:71,1
DA:73,1
DA:74,0
DA:75,0
DA:77,0
DA:78,0
DA:80,0
DA:81,0
DA:84,0
DA:85,0
DA:88,1
DA:92,1
DA:94,0
DA:127,1
LF:46
LH:25
BRDA:47,0,0,0
BRDA:47,0,1,0
BRDA:80,1,0,0
BRDA:80,1,1,0
BRDA:105,2,0,0
BRDA:105,2,1,1
BRDA:110,3,0,1
BRDA:110,3,1,1
BRF:8
BRH:3
end_of_record
